<?xml version="1.0" encoding="UTF-8"?>
<!-- Generated by org.testng.reporters.JUnitXMLReporter -->
<testsuite ignored="0" hostname="Deepu" failures="3" tests="12" name="TestNg" time="143.671" errors="0" timestamp="2023-06-08T15:31:21 EDT">
  <testcase classname="testlayer.Testing" name="SF_TC_60_Keyword" time="3.506"/>
  <testcase classname="testlayer.Testing" name="SF_TC_72_Next_page_button" time="12.693"/>
  <testcase classname="testlayer.Testing" name="SF_TC_70_Product_reviews" time="3.1"/>
  <testcase classname="testlayer.Testing" name="SF_TC_71_No_of_products_per_page" time="1.881">
    <failure type="java.lang.AssertionError" message="Total number of products is not 60, it is 3. expected [60] but found [3]">
      <![CDATA[java.lang.AssertionError: Total number of products is not 60, it is 3. expected [60] but found [3]
at pom_package.Pom_searchpage.validate_total_count(Pom_searchpage.java:78)
at testlayer.Testing.SF_TC_71_No_of_products_per_page(Testing.java:61)
at java.base/java.util.ArrayList.forEach(ArrayList.java:1511)
... Removed 31 stack frames]]>
    </failure>
  </testcase> <!-- SF_TC_71_No_of_products_per_page -->
  <testcase classname="testlayer.Testing" name="SF_TC_73_pagination" time="11.622"/>
  <testcase classname="testlayer.Testing" name="SF_TC_75_Customer_rating" time="5.408"/>
  <testcase classname="testlayer.Testing" name="SF_TC_78_Brand" time="9.105"/>
  <testcase classname="testlayer.Testing" name="SF_TC_79_Price" time="10.244">
    <failure type="java.lang.AssertionError" message="Products are not filtered under the given price range expected [true] but found [false]">
      <![CDATA[java.lang.AssertionError: Products are not filtered under the given price range expected [true] but found [false]
at pom_package.Pom_searchpage2.get_text_price(Pom_searchpage2.java:60)
at testlayer.Testing.SF_TC_79_Price(Testing.java:100)
at java.base/java.util.ArrayList.forEach(ArrayList.java:1511)
... Removed 31 stack frames]]>
    </failure>
  </testcase> <!-- SF_TC_79_Price -->
  <testcase classname="testlayer.Testing" name="SF_TC_82_83_84_85" time="3.23"/>
  <testcase classname="testlayer.Testing" name="SF_TC_86_87" time="7.949"/>
  <testcase classname="testlayer.Testing" name="SF_TC_88_Sort_filter_pagination" time="15.815"/>
  <testcase classname="testlayer.Testing" name="SF_TC_89_No_of_items_on_page" time="16.545">
    <failure type="java.lang.AssertionError" message="Total number of products is not 60, it is 24. expected [60] but found [24]">
      <![CDATA[java.lang.AssertionError: Total number of products is not 60, it is 24. expected [60] but found [24]
at pom_package.Pom_searchpage.validate_total_count(Pom_searchpage.java:78)
at testlayer.Testing.SF_TC_89_No_of_items_on_page(Testing.java:149)
at java.base/java.util.ArrayList.forEach(ArrayList.java:1511)
... Removed 31 stack frames]]>
    </failure>
  </testcase> <!-- SF_TC_89_No_of_items_on_page -->
</testsuite> <!-- TestNg -->
